<?xml version="1.0" encoding="UTF-8"?>
<!-- Generated by org.testng.reporters.JUnitReportReporter -->
<testsuite hostname="LAPTOP-K4B88P2N" failures="0" tests="1" name="test_scripts.LoginTest" time="35.131" errors="0" timestamp="25 Aug 2022 07:24:06 GMT" skipped="0">
  <testcase classname="test_scripts.LoginTest" name="verifyLogin" time="35.131"/>
</testsuite> <!-- test_scripts.LoginTest -->
