<?xml version="1.0" encoding="UTF-8"?>
<!-- Generated by org.testng.reporters.JUnitReportReporter -->
<testsuite hostname="LAPTOP-K4B88P2N" failures="0" tests="1" name="test_scripts.MyLibraryTest" time="44.801" errors="0" timestamp="26 Aug 2022 11:54:44 GMT" skipped="0">
  <testcase classname="test_scripts.MyLibraryTest" name="MyLibraryPageFlow" time="44.801"/>
</testsuite> <!-- test_scripts.MyLibraryTest -->
