<?xml version="1.0" encoding="UTF-8"?>
<!-- Generated by org.testng.reporters.JUnitReportReporter -->
<testsuite hostname="LAPTOP-K4B88P2N" failures="0" tests="1" name="test_scripts.CourseDetailPageTest" time="144.479" errors="0" timestamp="22 Aug 2022 13:44:46 GMT" skipped="0">
  <testcase classname="test_scripts.CourseDetailPageTest" name="CourseDetailsPageFlow" time="144.479"/>
</testsuite> <!-- test_scripts.CourseDetailPageTest -->
