<?xml version="1.0" encoding="UTF-8"?>
<!-- Generated by org.testng.reporters.JUnitReportReporter -->
<testsuite hostname="LAPTOP-K4B88P2N" failures="0" tests="1" name="test_scripts.LoginTest" time="45.972" errors="0" timestamp="23 Aug 2022 11:19:23 GMT" skipped="0">
  <testcase classname="test_scripts.LoginTest" name="verifyLogin" time="45.972"/>
</testsuite> <!-- test_scripts.LoginTest -->
