<?xml version="1.0" encoding="UTF-8"?>
<!-- Generated by org.testng.reporters.JUnitReportReporter -->
<testsuite hostname="adda247-ThinkPad-E14-Gen-2" failures="0" tests="1" name="testScripts.LibraryTest" time="26.576" errors="0" timestamp="2022-08-18T15:52:25 IST" skipped="0">
  <testcase classname="testScripts.LibraryTest" name="verifyLibraryPage" time="26.576"/>
  <system-out/>
</testsuite> <!-- testScripts.LibraryTest -->
