<?xml version="1.0" encoding="UTF-8"?>
<!-- Generated by org.testng.reporters.JUnitReportReporter -->
<testsuite hostname="adda247-ThinkPad-E14-Gen-2" failures="0" tests="1" name="testScripts.LoginTest" time="26.607" errors="0" timestamp="2022-08-18T15:52:25 IST" skipped="0">
  <testcase classname="testScripts.LoginTest" name="verifyLogin" time="26.607"/>
  <system-out/>
</testsuite> <!-- testScripts.LoginTest -->
