<?xml version="1.0" encoding="UTF-8"?>
<!-- Generated by org.testng.reporters.JUnitReportReporter -->
<testsuite hostname="LAPTOP-K4B88P2N" failures="0" tests="1" name="test_scripts.MyProfileTest" time="44.029" errors="0" timestamp="25 Aug 2022 09:07:36 GMT" skipped="0">
  <testcase classname="test_scripts.MyProfileTest" name="MyProfilePageFlow" time="44.029"/>
</testsuite> <!-- test_scripts.MyProfileTest -->
